  ▲ Next.js 14.2.25
  - Local:        http://127.0.0.1:3000
  - Network:      http://127.0.0.1:3000

 ✓ Starting...
 ✓ Ready in 1882ms
 ○ Compiling / ...
 ✓ Compiled / in 3.5s (469 modules)
 GET / 200 in 3706ms
 GET / 200 in 59ms
 ✓ Compiled in 24ms
 ✓ Compiled in 124ms (218 modules)
 ✓ Compiled in 95ms (218 modules)
 ✓ Compiled /_not-found in 251ms (438 modules)
 GET / 404 in 94ms
 ✓ Compiled in 158ms (438 modules)
 ○ Compiling / ...
 ✓ Compiled / in 526ms (456 modules)
 GET / 200 in 104ms
 GET / 200 in 71ms
 ✓ Compiled in 293ms (453 modules)
 ✓ Compiled in 223ms (467 modules)
 GET / 200 in 58ms
 ✓ Compiled in 293ms (453 modules)
 GET / 200 in 144ms
 GET / 200 in 55ms
 ✓ Compiled in 309ms (453 modules)
 GET / 200 in 70ms
 GET / 200 in 53ms
 GET / 200 in 35ms
 GET / 200 in 50ms
 ✓ Compiled in 357ms (453 modules)
 GET / 200 in 87ms
 GET / 200 in 80ms
